<?xml version="1.0" encoding="UTF-8"?>
<!-- Generated by org.testng.reporters.JUnitReportReporter -->
<testsuite skipped="0" hostname="ojt18-PC" name="DriverFactory.AppTest" tests="1" failures="0" timestamp="21 Oct 2019 06:02:15 GMT" time="18.667" errors="0">
  <testcase name="ERP_Start" time="18.667" classname="DriverFactory.AppTest"/>
</testsuite> <!-- DriverFactory.AppTest -->
