<?xml version="1.0" encoding="UTF-8"?>
<!-- Generated by org.testng.reporters.JUnitReportReporter -->
<testsuite skipped="0" hostname="ojt18-PC" name="DriverFactory.NewTest" tests="1" failures="0" timestamp="2 Oct 2019 05:41:50 GMT" time="0.005" errors="0">
  <testcase name="f" time="0.005" classname="DriverFactory.NewTest"/>
</testsuite> <!-- DriverFactory.NewTest -->
