<?xml version="1.0" encoding="UTF-8"?>
<!-- Generated by org.testng.reporters.JUnitReportReporter -->
<testsuite hostname="ojt18-PC" name="DriverFactory.DataDrivenFactory" tests="1" failures="0" timestamp="25 Oct 2019 04:49:27 GMT" time="135.868" errors="0">
  <testcase name="suppliercreation" time="135.868" classname="DriverFactory.DataDrivenFactory"/>
</testsuite> <!-- DriverFactory.DataDrivenFactory -->
